<?xml version="1.0" encoding="UTF-8"?>
<testng-results ignored="0" total="1" passed="1" failed="0" skipped="0">
  <reporter-output>
  </reporter-output>
  <suite started-at="2022-02-02T18:17:41Z" name="Command line suite" finished-at="2022-02-02T18:18:09Z" duration-ms="28716">
    <groups>
    </groups>
    <test started-at="2022-02-02T18:17:41Z" name="Command line test" finished-at="2022-02-02T18:18:09Z" duration-ms="28716">
      <class name="tests.LoginTest">
        <test-method signature="testLogin()[pri:0, instance:tests.LoginTest@550dbc7a]" started-at="2022-02-02T18:17:41Z" name="testLogin" finished-at="2022-02-02T18:18:08Z" duration-ms="27756" status="PASS">
          <reporter-output>
          </reporter-output>
        </test-method> <!-- testLogin -->
        <test-method is-config="true" signature="testClosure()[pri:0, instance:tests.LoginTest@550dbc7a]" started-at="2022-02-02T18:18:08Z" name="testClosure" finished-at="2022-02-02T18:18:09Z" duration-ms="946" status="PASS">
          <reporter-output>
          </reporter-output>
        </test-method> <!-- testClosure -->
      </class> <!-- tests.LoginTest -->
    </test> <!-- Command line test -->
  </suite> <!-- Command line suite -->
</testng-results>
